"../../../../../My games/Zombie/Content/UI/pic/pngwing_com.uasset" 0
"../../../../../My games/Zombie/Content/UI/Zombie_Labirint/Cursor_01_ZL.uasset" 1
"../../../Engine/Content/EngineMaterials/T_Default_Material_Grid_N.uasset" 2
"../../../Engine/Content/EngineMaterials/T_Default_Material_Grid_M.uasset" 3
"../../../Engine/Content/Functions/Engine_MaterialFunctions01/Opacity/CameraDepthFade.uasset" 4
"../../../Engine/Content/EngineMaterials/WorldGridMaterial.uasset" 5
"../../../Engine/Content/ArtTools/RenderToTexture/Meshes/S_1_Unit_Plane.uasset" 6
"../../../Engine/Content/EngineMaterials/DefaultMaterial.uasset" 7
"../../../Engine/Content/BasicShapes/Cone.uasset" 8
"../../../Engine/Content/BasicShapes/Plane.uasset" 9
"../../../Engine/Content/BasicShapes/Sphere.uasset" 10
"../../../Engine/Content/EditorLandscapeResources/DataLayer.uasset" 11
"../../../Engine/Content/EditorLandscapeResources/DefaultAlphaTexture.uasset" 12
"../../../Engine/Content/EditorMaterials/MAT_Groups_Toggle.uasset" 13
"../../../Engine/Content/EditorMaterials/MAT_Groups_Visibility.uasset" 14
"../../../Engine/Content/EditorMaterials/PreviewShadowIndicator.uasset" 15
"../../../Engine/Content/EditorMaterials/PreviewShadowIndicatorMaterial.uasset" 16
"../../../Engine/Content/EditorMaterials/MatineeGroups/MAT_ColorTrack.uasset" 17
"../../../Engine/Content/EditorMaterials/MatineeGroups/MAT_Groups_Anim.uasset" 18
"../../../Engine/Content/EditorMaterials/MatineeGroups/MAT_Groups_AudioMaster.uasset" 19
"../../../Engine/Content/EditorMaterials/MatineeGroups/MAT_Groups_Director.uasset" 20
"../../../Engine/Content/EditorMaterials/MatineeGroups/MAT_Groups_Event.uasset" 21
"../../../Engine/Content/EditorMaterials/MatineeGroups/MAT_Groups_Fade.uasset" 22
"../../../Engine/Content/EditorMaterials/MatineeGroups/MAT_Groups_Float.uasset" 23
"../../../Engine/Content/EditorMaterials/MatineeGroups/MAT_Groups_Move.uasset" 24
"../../../Engine/Content/EditorMaterials/MatineeGroups/MAT_Groups_Slomo.uasset" 25
"../../../Engine/Content/EditorMaterials/MatineeGroups/MAT_Groups_Sound.uasset" 26
"../../../Engine/Content/EditorMaterials/MatineeGroups/MAT_Groups_Vector.uasset" 27
"../../../Engine/Content/EditorMaterials/ParticleSystems/PSysThumbnail_NoImage.uasset" 28
"../../../Engine/Content/EditorMaterials/ParticleSystems/PSysThumbnail_OOD.uasset" 29
"../../../Engine/Content/EditorMaterials/Camera/CineMat.uasset" 30
"../../../Engine/Content/EditorMaterials/Camera/MI_CineMat_Rig.uasset" 31
"../../../Engine/Content/EditorMeshes/Camera/SM_CraneRig_Arm.uasset" 32
"../../../Engine/Content/EditorMeshes/Camera/SM_CraneRig_Base.uasset" 33
"../../../Engine/Content/EditorMeshes/Camera/SM_CraneRig_Body.uasset" 34
"../../../Engine/Content/EditorMeshes/Camera/SM_CraneRig_Mount.uasset" 35
"../../../Engine/Content/EditorMeshes/Camera/SM_RailRig_Mount.uasset" 36
"../../../Engine/Content/EditorMeshes/Camera/SM_RailRig_Track.uasset" 37
"../../../Engine/Content/EditorResources/BSPVertex.uasset" 38
"../../../Engine/Content/EditorResources/EmptyActor.uasset" 39
"../../../Engine/Content/EditorResources/S_Actor.uasset" 40
"../../../Engine/Content/EditorResources/S_Note.uasset" 41
"../../../Engine/Content/EditorResources/S_Solver.uasset" 42
"../../../Engine/Content/EditorResources/S_Terrain.uasset" 43
"../../../Engine/Content/EditorResources/S_Trigger.uasset" 44
"../../../Engine/Content/EditorResources/SequenceRecorder/Countdown.uasset" 45
"../../../Engine/Content/EditorResources/SequenceRecorder/RecordingIndicator.uasset" 46
"../../../Engine/Content/EngineDamageTypes/DmgTypeBP_Environmental.uasset" 47
"../../../Engine/Content/EngineDebugMaterials/DebugEditorMaterial.uasset" 48
"../../../Engine/Content/EngineDebugMaterials/DebugMeshMaterial.uasset" 49
"../../../Engine/Content/EngineDebugMaterials/M_SimpleUnlitTranslucent.uasset" 50
"../../../Engine/Content/EngineDebugMaterials/VolumeToRender.uasset" 51
"../../../Engine/Content/Functions/Engine_MaterialFunctions02/Utility/CameraDirectionVector.uasset" 52
"../../../Engine/Content/EngineDebugMaterials/M_VolumeRenderSphereTracePP.uasset" 53
"../../../Engine/Content/Functions/Engine_MaterialFunctions01/Shading/ConvertFromDiffSpec.uasset" 54
"../../../Engine/Content/EngineDebugMaterials/VertexColorMaterial.uasset" 55
"../../../Engine/Content/EngineDebugMaterials/WireframeMaterial.uasset" 56
"../../../Engine/Content/EngineFonts/Faces/RobotoRegular.uasset" 57
"../../../Engine/Content/EngineFonts/Faces/RobotoLight.uasset" 58
"../../../Engine/Content/EngineFonts/Faces/RobotoItalic.uasset" 59
"../../../Engine/Content/EngineFonts/Faces/RobotoBoldItalic.uasset" 60
"../../../Engine/Content/EngineFonts/Faces/RobotoBold.uasset" 61
"../../../Engine/Content/EngineFonts/Faces/DroidSansFallback.uasset" 62
"../../../Engine/Content/EngineFonts/Roboto.uasset" 63
"../../../Engine/Content/EngineMaterials/BaseFlattenNormalMap.uasset" 64
"../../../Engine/Content/EngineMaterials/BaseFlattenGrayscaleMap.uasset" 65
"../../../Engine/Content/EngineMaterials/BaseFlattenEmissiveMap.uasset" 66
"../../../Engine/Content/EngineMaterials/BaseFlattenDiffuseMap.uasset" 67
"../../../Engine/Content/EngineMaterials/BaseFlattenMaterial.uasset" 68
"../../../Engine/Content/EngineMaterials/BlueNoise.uasset" 69
"../../../Engine/Content/EngineMaterials/DefaultBloomKernel.uasset" 70
"../../../Engine/Content/EngineMaterials/DefaultBokeh.uasset" 71
"../../../Engine/Content/EngineMaterials/DefaultDiffuse.uasset" 72
"../../../Engine/Content/EngineMaterials/DefaultDeferredDecalMaterial.uasset" 73
"../../../Engine/Content/EngineMaterials/DefaultLightFunctionMaterial.uasset" 74
"../../../Engine/Content/EngineMaterials/DefaultPhysicalMaterial.uasset" 75
"../../../Engine/Content/Functions/Engine_MaterialFunctions02/Utility/BreakOutFloat2Components.uasset" 76
"../../../Engine/Content/EngineMaterials/DefaultPostProcessMaterial.uasset" 77
"../../../Engine/Content/EngineFonts/RobotoDistanceField.uasset" 78
"../../../Engine/Content/EngineMaterials/DefaultTextMaterialOpaque.uasset" 79
"../../../Engine/Content/EngineMaterials/DefaultWhiteGrid.uasset" 80
"../../../Engine/Content/EngineMaterials/DefaultWhiteGrid_Low.uasset" 81
"../../../Engine/Content/EngineMaterials/EmissiveMeshMaterial.uasset" 82
"../../../Engine/Content/EngineMaterials/GizmoMaterial.uasset" 83
"../../../Engine/Content/EngineMaterials/Good64x64TilingNoiseHighFreq.uasset" 84
"../../../Engine/Content/EngineMaterials/MiniFont.uasset" 85
"../../../Engine/Content/EngineMaterials/InvalidLightmapSettings.uasset" 86
"../../../Engine/Content/EngineMaterials/M_InvalidLightmapSettings.uasset" 87
"../../../Engine/Content/Functions/Engine_MaterialFunctions02/WorldPositionOffset/CameraOffset.uasset" 88
"../../../Engine/Content/EngineMaterials/PhAT_JointLimitMaterial.uasset" 89
"../../../Engine/Content/EngineMaterials/PreintegratedSkinBRDF.uasset" 90
"../../../Engine/Content/EngineMaterials/RemoveSurfaceMaterial.uasset" 91
"../../../Engine/Content/EngineMaterials/WeightMapPlaceholderTexture.uasset" 92
"../../../Engine/Content/EngineResources/WhiteSquareTexture.uasset" 93
"../../../Engine/Content/EngineMaterials/Widget3DPassThrough.uasset" 94
"../../../Engine/Content/EngineMaterials/Widget3DPassThrough_Masked.uasset" 95
"../../../Engine/Content/EngineMaterials/Widget3DPassThrough_Opaque.uasset" 96
"../../../Engine/Content/EngineMaterials/Widget3DPassThrough_Masked_OneSided.uasset" 97
"../../../Engine/Content/EngineMaterials/Widget3DPassThrough_Opaque_OneSided.uasset" 98
"../../../Engine/Content/EngineMaterials/Widget3DPassThrough_Translucent.uasset" 99
"../../../Engine/Content/EngineMaterials/Widget3DPassThrough_Translucent_OneSided.uasset" 100
"../../../Engine/Content/EngineMeshes/Cube.uasset" 101
"../../../Engine/Content/EngineMeshes/Cylinder.uasset" 102
"../../../Engine/Content/EngineMeshes/Sphere.uasset" 103
"../../../Engine/Content/EngineResources/DefaultTextureCube.uasset" 104
"../../../Engine/Content/EngineResources/DefaultVolumeTexture2D.uasset" 105
"../../../Engine/Content/EngineResources/DefaultVolumeTexture.uasset" 106
"../../../Engine/Content/EngineResources/GradientTexture0.uasset" 107
"../../../Engine/Content/EngineSky/VolumetricClouds/CloudWeatherTexture.uasset" 108
"../../../Engine/Content/EngineSky/VolumetricClouds/CloudGradientTexture.uasset" 109
"../../../Engine/Content/EngineSky/VolumetricClouds/T_NoiseShape64.uasset" 110
"../../../Engine/Content/EngineSky/VolumetricClouds/T_VolumeNoiseShape64.uasset" 111
"../../../Engine/Content/EngineSky/VolumetricClouds/T_NoiseErosion.uasset" 112
"../../../Engine/Content/EngineSky/VolumetricClouds/T_VolumeNoiseErosion32.uasset" 113
"../../../Engine/Content/Functions/Engine_MaterialFunctions02/Utility/MakeFloat2.uasset" 114
"../../../Engine/Content/EngineSky/VolumetricClouds/m_SimpleVolumetricCloud.uasset" 115
"../../../Engine/Content/EngineSky/VolumetricClouds/m_SimpleVolumetricCloud_Inst.uasset" 116
"../../../Engine/Content/EngineSounds/Master.uasset" 117
"../../../Engine/Content/Functions/Engine_MaterialFunctions01/Shading/PowerToRoughness.uasset" 118
"../../../Engine/Content/Maps/Templates/Thumbnails/Default.uasset" 119
"../../../Engine/Content/Maps/Templates/Thumbnails/TimeOfDay.uasset" 120
"../../../Engine/Content/Maps/Templates/Thumbnails/VR-Basic.uasset" 121
"../../../Engine/Content/MobileResources/T_MobileControls_texture.uasset" 122
"../../../Engine/Content/MobileResources/T_MobileMenu2.uasset" 123
"../../../Engine/Content/MobileResources/HUD/AnalogHat.uasset" 124
"../../../Engine/Content/MobileResources/HUD/VirtualJoystick_Thumb.uasset" 125
"../../../Engine/Content/MobileResources/HUD/VirtualJoystick_Background.uasset" 126
"../../../Engine/Content/MobileResources/HUD/DefaultVirtualJoysticks.uasset" 127
"../../../Engine/Content/MobileResources/HUD/LeftVirtualJoystickOnly.uasset" 128
"../../../Engine/Content/MobileResources/HUD/MobileHUDButton1_off.uasset" 129
"../../../Engine/Content/MobileResources/HUD/MobileHUDButton1_on.uasset" 130
"../../../Engine/Content/MobileResources/HUD/MobileHUDButton2_off.uasset" 131
"../../../Engine/Content/MobileResources/HUD/MobileHUDButton2_on.uasset" 132
"../../../Engine/Content/MobileResources/HUD/MobileHUDButton3.uasset" 133
"../../../Engine/Content/MobileResources/HUD/MobileHUDButtonFire.uasset" 134
"../../../Engine/Content/MobileResources/HUD/MobileHUDDirectionPad.uasset" 135
"../../../Engine/Content/MobileResources/HUD/MobileHUDDirectionPad2.uasset" 136
"../../../Engine/Content/MobileResources/HUD/MobileHUDDirectionPad3.uasset" 137
"../../../Engine/Content/MobileResources/HUD/MobileHUDDirectionStick.uasset" 138
"../../../Engine/Content/MobileResources/HUD/T_Castle_ThumbstickInner.uasset" 139
"../../../Engine/Content/MobileResources/HUD/T_Castle_ThumbstickOutter.uasset" 140
"../../../Engine/Content/Tutorial/ContentIntroCurve.uasset" 141
"../../../Engine/Content/Tutorial/Basics/LevelEditorAttract.uasset" 142
"../../../Engine/Content/Tutorial/Basics/TutorialAssets/icon_tab_Levels_40x.uasset" 143
"../../../Engine/Content/Tutorial/Basics/LevelEditorOverview.uasset" 144
"../../../Engine/Content/Tutorial/BlueprintTutorials/TutorialAssets/Blueprint_64x.uasset" 145
"../../../Engine/Content/Tutorial/BlueprintTutorials/BlueprintEditorTutorial.uasset" 146
"../../../Engine/Content/Tutorial/BlueprintTutorials/LevelBlueprintEditorOverview.uasset" 147
"../../../Engine/Content/Tutorial/SubEditors/MaterialEditorTutorial.uasset" 148
"../../../Engine/Content/Tutorial/SubEditors/StaticMeshEditorTutorial.uasset" 149
"../../../Engine/Content/Tutorial/SubEditors/TutorialAssets/TutorialMaterial.uasset" 150
"../../../Engine/Content/VREditor/TransformGizmo/TranslucentTransformGizmoMaterial.uasset" 151
"../../../Engine/Content/VREditor/LaserPointer/VR_LaserPower_01.uasset" 152
"../../../Engine/Content/VREditor/TransformGizmo/TransformGizmoMaterial.uasset" 153
"../../../Engine/Content/VREditor/TransformGizmo/BoundingBoxCorner.uasset" 154
"../../../Engine/Content/VREditor/TransformGizmo/BoundingBoxEdge.uasset" 155
"../../../Engine/Content/VREditor/TransformGizmo/PlaneTranslationHandle.uasset" 156
"../../../Engine/Content/VREditor/TransformGizmo/Xray.uasset" 157
"../../../Engine/Content/VREditor/TransformGizmo/Main.uasset" 158
"../../../Engine/Content/VREditor/TransformGizmo/SM_Sequencer_Key.uasset" 159
"../../../Engine/Content/VREditor/TransformGizmo/SM_Sequencer_Node.uasset" 160
"../../Plugins/2D/Paper2D/Content/PlaceholderTextures/DummySpriteTexture.uasset" 161
"../../Plugins/2D/Paper2D/Content/DummySprite.uasset" 162
"../../Plugins/2D/Paper2D/Content/DefaultPaperTerrainMaterial.uasset" 163
"../../Plugins/2D/Paper2D/Content/DefaultSpriteMaterial.uasset" 164
"../../Plugins/2D/Paper2D/Content/MaskedUnlitSpriteMaterial.uasset" 165
"../../Plugins/2D/Paper2D/Content/OpaqueUnlitSpriteMaterial.uasset" 166
"../../../Engine/Content/Functions/Engine_MaterialFunctions02/ObjectLocalBounds.uasset" 167
"../../../Engine/Content/Functions/Engine_MaterialFunctions02/Utility/BreakOutFloat3Components.uasset" 168
"../../Plugins/Editor/SpeedTreeImporter/Content/SpeedTree9/UnpackInteger3.uasset" 169
"../../Plugins/Editor/SpeedTreeImporter/Content/SpeedTree9/UnpackDirection.uasset" 170
"../../Plugins/Editor/SpeedTreeImporter/Content/SpeedTree9/game_wind_noise.uasset" 171
"../../../Engine/Content/Functions/Engine_MaterialFunctions02/SafeNormalize.uasset" 172
"../../Plugins/Editor/SpeedTreeImporter/Content/SpeedTree9/SpeedTreeWindMotion.uasset" 173
"../../Plugins/Editor/SpeedTreeImporter/Content/SpeedTree9/SpeedTreeBranchMotion.uasset" 174
"../../../Engine/Content/Functions/Engine_MaterialFunctions02/UVs/BoundingBoxBased_0-1_UVW.uasset" 175
"../../Plugins/Editor/SpeedTreeImporter/Content/SpeedTree9/SpeedTreeWind.uasset" 176
"../../Plugins/Editor/SpeedTreeImporter/Content/SpeedTree9/SpeedTreeBillboard.uasset" 177
"../../../Engine/Content/EngineResources/DefaultTexture.uasset" 178
"../../Plugins/Editor/SpeedTreeImporter/Content/SpeedTree9/SpeedTreeBillboardMaster.uasset" 179
"../../Plugins/Editor/SpeedTreeImporter/Content/SpeedTree9/SpeedTreeCameraFacing.uasset" 180
"../../Plugins/Editor/SpeedTreeImporter/Content/SpeedTree9/SpeedTreeMaster.uasset" 181
"../../../Engine/Content/BasicShapes/Cylinder.uasset" 182
"../../../Engine/Content/ArtTools/RenderToTexture/Materials/Debug/M_Emissive_Color.uasset" 183
"../../Plugins/Lumin/MagicLeapPassableWorld/Content/MagicLeapARPinInfoActor.uasset" 184
"../../../Engine/Content/MapTemplates/SM_Template_Map_Floor.uasset" 185
"../../../Engine/Content/EngineSky/T_Sky_Stars.uasset" 186
"../../../Engine/Content/EngineSky/T_Sky_Clouds_M.uasset" 187
"../../../Engine/Content/EngineSky/T_Sky_Blue.uasset" 188
"../../../Engine/Content/BasicShapes/Cube.uasset" 189
"../../Plugins/2D/Paper2D/Content/PlaceholderTextures/FlatNormalMap.uasset" 190
"../../../../../My games/Zombie/Content/Megascans/Surfaces/Patterned_Marble_Tiles_vf5lebtv/Roughness_2K_vf5lebtv.uasset" 191
"../../../Engine/Content/EngineResources/Black.uasset" 192
"../../../Engine/Content/EngineMaterials/DefaultNormal.uasset" 193
"../../../Engine/Content/ArtTools/RenderToTexture/Textures/127grey.uasset" 194
"../../../Engine/Content/Functions/Engine_MaterialFunctions02/Utility/BlendAngleCorrectedNormals.uasset" 195
"../../../../../My games/Zombie/Content/MSPresets/MS_DefaultMaterial/Functions/MF_Transmission.uasset" 196
"../../../Engine/Content/Functions/Engine_MaterialFunctions02/Texturing/CustomRotator.uasset" 197
"../../../../../My games/Zombie/Content/MSPresets/MS_DefaultMaterial/Functions/MF_Tiling.uasset" 198
"../../../../../My games/Zombie/Content/MSPresets/MS_DefaultMaterial/Functions/MF_MapAdjustments.uasset" 199
"../../../../../My games/Zombie/Content/MSPresets/MS_DefaultMaterial/Functions/MF_DetailNormalTiling.uasset" 200
"../../../../../My games/Zombie/Content/MSPresets/MS_DefaultMaterial/MS_DefaultMaterial.uasset" 201
"../../../../../My games/Zombie/Content/Megascans/Surfaces/Patterned_Marble_Tiles_vf5lebtv/Normal_2K_vf5lebtv.uasset" 202
"../../../../../My games/Zombie/Content/Megascans/Surfaces/Patterned_Marble_Tiles_vf5lebtv/Albedo_2K_vf5lebtv.uasset" 203
"../../../../../My games/Zombie/Content/Megascans/Surfaces/Patterned_Marble_Tiles_vf5lebtv/Patterned_Marble_Tiles_vf5lebtv_inst.uasset" 204
"../../../../../My games/Zombie/Content/Materials/Red_mat.uasset" 205
"../../../../../My games/Zombie/Content/Materials/Black_mat.uasset" 206
"../../../Engine/Content/EngineSky/M_Sky_Panning_Clouds2.uasset" 207
"../../../../../My games/Zombie/Content/Maps/Labirint_01_BuiltData.uasset" 208
"../../../../../My games/Zombie/Content/UI/Fonts/Red_October-Fat.uasset" 209
"../../../../../My games/Zombie/Content/UI/Fonts/Red_October-Fat_Font.uasset" 210
"../../../../../My games/Zombie/Content/UI/Zombie_Labirint/Win_ZL.uasset" 211
"../../../../../My games/Zombie/Content/Audio/BG_Sound/BG_EpicSound.uasset" 212
"../../../../../My games/Zombie/Content/Character/Man/Mesh/man_PhysicsAsset.uasset" 213
"../../../../../My games/Zombie/Content/Character/Man/Mesh/Zipper_dirt_col.uasset" 214
"../../../../../My games/Zombie/Content/Character/Man/Mesh/Zipper.uasset" 215
"../../../../../My games/Zombie/Content/Character/Man/Mesh/G8_1MBaseLegsMapD_1004_ncl1_1.uasset" 216
"../../../../../My games/Zombie/Content/Character/Man/Mesh/Toenails.uasset" 217
"../../../../../My games/Zombie/Content/Character/Man/Mesh/G8_1MBaseMouthMapD_1006.uasset" 218
"../../../../../My games/Zombie/Content/Character/Man/Mesh/Teeth.uasset" 219
"../../../../../My games/Zombie/Content/Character/Man/Mesh/G8_1MBaseEyesMap02D_1007_ncl1_2.uasset" 220
"../../../../../My games/Zombie/Content/Character/Man/Mesh/Sclera.uasset" 221
"../../../../../My games/Zombie/Content/Character/Man/Mesh/shoes_BaseColor_ncl1_15.uasset" 222
"../../../../../My games/Zombie/Content/Character/Man/Mesh/RightTongue.uasset" 223
"../../../../../My games/Zombie/Content/Character/Man/Mesh/shoes_BaseColor_ncl1_13.uasset" 224
"../../../../../My games/Zombie/Content/Character/Man/Mesh/RightToe.uasset" 225
"../../../../../My games/Zombie/Content/Character/Man/Mesh/shoes_BaseColor_ncl1_10.uasset" 226
"../../../../../My games/Zombie/Content/Character/Man/Mesh/RightSole.uasset" 227
"../../../../../My games/Zombie/Content/Character/Man/Mesh/shoes_BaseColor_ncl1_14.uasset" 228
"../../../../../My games/Zombie/Content/Character/Man/Mesh/RightMainShoe.uasset" 229
"../../../../../My games/Zombie/Content/Character/Man/Mesh/shoes_BaseColor_ncl1_8.uasset" 230
"../../../../../My games/Zombie/Content/Character/Man/Mesh/RightLaces.uasset" 231
"../../../../../My games/Zombie/Content/Character/Man/Mesh/shoes_BaseColor_ncl1_12.uasset" 232
"../../../../../My games/Zombie/Content/Character/Man/Mesh/RightHeelCover.uasset" 233
"../../../../../My games/Zombie/Content/Character/Man/Mesh/shoes_BaseColor_ncl1_11.uasset" 234
"../../../../../My games/Zombie/Content/Character/Man/Mesh/RightFootCover.uasset" 235
"../../../../../My games/Zombie/Content/Character/Man/Mesh/shoes_BaseColor_ncl1_9.uasset" 236
"../../../../../My games/Zombie/Content/Character/Man/Mesh/RightEyelets.uasset" 237
"../../../../../My games/Zombie/Content/Character/Man/Mesh/G8_1MBaseEyesMap02D_1007.uasset" 238
"../../../../../My games/Zombie/Content/Character/Man/Mesh/Pupils.uasset" 239
"../../../../../My games/Zombie/Content/Character/Man/Mesh/pants_BaseColor.uasset" 240
"../../../../../My games/Zombie/Content/Character/Man/Mesh/Pants.uasset" 241
"../../../../../My games/Zombie/Content/Character/Man/Mesh/G8_1MBaseMouthMapD_1006_ncl1_1.uasset" 242
"../../../../../My games/Zombie/Content/Character/Man/Mesh/Mouth.uasset" 243
"../../../../../My games/Zombie/Content/Character/Man/Mesh/G8_1MBaseFaceMapD01_1001_ncl1_1.uasset" 244
"../../../../../My games/Zombie/Content/Character/Man/Mesh/Lips.uasset" 245
"../../../../../My games/Zombie/Content/Character/Man/Mesh/G8_1MBaseLegsMapD_1004.uasset" 246
"../../../../../My games/Zombie/Content/Character/Man/Mesh/Legs.uasset" 247
"../../../../../My games/Zombie/Content/Character/Man/Mesh/shoes_BaseColor_ncl1_7.uasset" 248
"../../../../../My games/Zombie/Content/Character/Man/Mesh/LeftTongue.uasset" 249
"../../../../../My games/Zombie/Content/Character/Man/Mesh/shoes_BaseColor_ncl1_5.uasset" 250
"../../../../../My games/Zombie/Content/Character/Man/Mesh/LeftToe.uasset" 251
"../../../../../My games/Zombie/Content/Character/Man/Mesh/shoes_BaseColor_ncl1_2.uasset" 252
"../../../../../My games/Zombie/Content/Character/Man/Mesh/LeftSole.uasset" 253
"../../../../../My games/Zombie/Content/Character/Man/Mesh/shoes_BaseColor_ncl1_6.uasset" 254
"../../../../../My games/Zombie/Content/Character/Man/Mesh/LeftMainShoe.uasset" 255
"../../../../../My games/Zombie/Content/Character/Man/Mesh/shoes_BaseColor.uasset" 256
"../../../../../My games/Zombie/Content/Character/Man/Mesh/LeftLaces.uasset" 257
"../../../../../My games/Zombie/Content/Character/Man/Mesh/shoes_BaseColor_ncl1_4.uasset" 258
"../../../../../My games/Zombie/Content/Character/Man/Mesh/LeftHeelCover.uasset" 259
"../../../../../My games/Zombie/Content/Character/Man/Mesh/shoes_BaseColor_ncl1_3.uasset" 260
"../../../../../My games/Zombie/Content/Character/Man/Mesh/LeftFootCover.uasset" 261
"../../../../../My games/Zombie/Content/Character/Man/Mesh/shoes_BaseColor_ncl1_1.uasset" 262
"../../../../../My games/Zombie/Content/Character/Man/Mesh/LeftEyelets.uasset" 263
"../../../../../My games/Zombie/Content/Character/Man/Mesh/Alan_Jacket.uasset" 264
"../../../../../My games/Zombie/Content/Character/Man/Mesh/Leather.uasset" 265
"../../../../../My games/Zombie/Content/Character/Man/Mesh/G8_1MBaseEyesMap02D_1007_ncl1_1.uasset" 266
"../../../../../My games/Zombie/Content/Character/Man/Mesh/Irises.uasset" 267
"../../../../../My games/Zombie/Content/Character/Man/Mesh/G8_1MBaseHeadMapD_1002.uasset" 268
"../../../../../My games/Zombie/Content/Character/Man/Mesh/Head.uasset" 269
"../../../../../My games/Zombie/Content/Character/Man/Mesh/G8_1MBaseArmsMapD_1005_ncl1_1.uasset" 270
"../../../../../My games/Zombie/Content/Character/Man/Mesh/Fingernails.uasset" 271
"../../../../../My games/Zombie/Content/Character/Man/Mesh/G8_1MBaseFaceMapD01_1001.uasset" 272
"../../../../../My games/Zombie/Content/Character/Man/Mesh/Face.uasset" 273
"../../../../../My games/Zombie/Content/Character/Man/Mesh/G8_1MBaseFaceMapD01_1001_ncl1_3.uasset" 274
"../../../../../My games/Zombie/Content/Character/Man/Mesh/EyeSocket.uasset" 275
"../../../../../My games/Zombie/Content/Character/Man/Mesh/CJ--LeannaFull--EyesRealSclera_1006.uasset" 276
"../../../../../My games/Zombie/Content/Character/Man/Mesh/EyeMoisture.uasset" 277
"../../../../../My games/Zombie/Content/Character/Man/Mesh/G8_1MBaseFaceMapD01_1001_ncl1_2.uasset" 278
"../../../../../My games/Zombie/Content/Character/Man/Mesh/Ears.uasset" 279
"../../../../../My games/Zombie/Content/Character/Man/Mesh/Cornea.uasset" 280
"../../../../../My games/Zombie/Content/Character/Man/Mesh/G8_1MBaseBodyMapD_1003.uasset" 281
"../../../../../My games/Zombie/Content/Character/Man/Mesh/Body.uasset" 282
"../../../../../My games/Zombie/Content/Character/Man/Mesh/pants_BaseColor_ncl1_3.uasset" 283
"../../../../../My games/Zombie/Content/Character/Man/Mesh/BeltLoops.uasset" 284
"../../../../../My games/Zombie/Content/Character/Man/Mesh/pants_BaseColor_ncl1_2.uasset" 285
"../../../../../My games/Zombie/Content/Character/Man/Mesh/BeltBuckle.uasset" 286
"../../../../../My games/Zombie/Content/Character/Man/Mesh/pants_BaseColor_ncl1_1.uasset" 287
"../../../../../My games/Zombie/Content/Character/Man/Mesh/Belt.uasset" 288
"../../../../../My games/Zombie/Content/Character/Man/Mesh/beanie_BaseColor.uasset" 289
"../../../../../My games/Zombie/Content/Character/Man/Mesh/Beanie.uasset" 290
"../../../../../My games/Zombie/Content/Character/Man/Mesh/G8_1MBaseArmsMapD_1005.uasset" 291
"../../../../../My games/Zombie/Content/Character/Man/Mesh/Arms.uasset" 292
"../../../../../My games/Zombie/Content/Character/Man/Mesh/man_Skeleton.uasset" 293
"../../../../../My games/Zombie/Content/Character/Man/Mesh/man.uasset" 294
"../../../Engine/Content/EditorBlueprintResources/StandardMacros.uasset" 295
"../../../Engine/Content/Animation/DefaultAnimCurveCompressionSettings.uasset" 296
"../../../Engine/Content/Animation/DefaultAnimBoneCompressionSettings.uasset" 297
"../../../../../My games/Zombie/Content/Audio/Movie/shag_02.uasset" 298
"../../../../../My games/Zombie/Content/Audio/Movie/shag_01.uasset" 299
"../../../../../My games/Zombie/Content/Character/Man/Animation/man_run.uasset" 300
"../../../../../My games/Zombie/Content/Character/Man/Animation/man_idle.uasset" 301
"../../../../../My games/Zombie/Content/Character/Man/Animation/Man_BS.uasset" 302
"../../../../../My games/Zombie/Content/Character/Man/Animation/Man_AB.uasset" 303
"../../../../../My games/Zombie/Content/Character/Man/Animation/Death.uasset" 304
"../../../../../My games/Zombie/Content/Particles/Meshes/VFX/SM_geo_akFmuzFlash_01.uasset" 305
"../../../../../My games/Zombie/Content/Particles/Textures/VFX/TEX_smokePmask_COL.uasset" 306
"../../../../../My games/Zombie/Content/Particles/Textures/VFX/TEX_bpFade_COL.uasset" 307
"../../../../../My games/Zombie/Content/Particles/Materials/VFX/Mat_FxMAT_Smoke01.uasset" 308
"../../../../../My games/Zombie/Content/Particles/Textures/VFX/TEX_frontFlashes_COL.uasset" 309
"../../../../../My games/Zombie/Content/Particles/Materials/VFX/Mat_FxMAT_M4A1MuzFlashFront.uasset" 310
"../../../../../My games/Zombie/Content/Particles/Textures/VFX/TEX_M4A1Side_COL.uasset" 311
"../../../../../My games/Zombie/Content/Particles/Materials/VFX/Mat_FxMAT_M4A1_muzFlashSide.uasset" 312
"../../../../../My games/Zombie/Content/Particles/Textures/VFX/TEX_M4A1Front_COL.uasset" 313
"../../../../../My games/Zombie/Content/Particles/Materials/VFX/Mat_FxMAT_M4A1_muzFlashFront.uasset" 314
"../../../../../My games/Zombie/Content/Particles/PS_VFX_M4A1.uasset" 315
"../../../../../My games/Zombie/Content/Particles/Fire_BP.uasset" 316
"../../../../../My games/Zombie/Content/Blueprints/Weapon/Pistol/textures/pistolNormal.uasset" 317
"../../../../../My games/Zombie/Content/Blueprints/Weapon/Pistol/textures/pistolMetallic.uasset" 318
"../../../../../My games/Zombie/Content/Blueprints/Weapon/Pistol/textures/pistolcolor.uasset" 319
"../../../../../My games/Zombie/Content/Blueprints/Weapon/Pistol/textures/pistolAO.uasset" 320
"../../../../../My games/Zombie/Content/Blueprints/Weapon/Pistol/source/pistol.uasset" 321
"../../../../../My games/Zombie/Content/Blueprints/Weapon/Pistol/Pistol.uasset" 322
"../../../../../My games/Zombie/Content/Blueprints/Weapon/Pistol/Pistol_BP.uasset" 323
"../../../../../My games/Zombie/Content/Audio/Weapon/reload.uasset" 324
"../../../../../My games/Zombie/Content/Audio/Weapon/reload_Cue.uasset" 325
"../../../../../My games/Zombie/Content/Audio/Weapon/netBullet.uasset" 326
"../../../../../My games/Zombie/Content/Audio/Weapon/netBullet_Cue.uasset" 327
"../../../../../My games/Zombie/Content/Audio/Weapon/bullet.uasset" 328
"../../../../../My games/Zombie/Content/Audio/Weapon/bullet_Cue.uasset" 329
"../../../../../My games/Zombie/Content/HumanVocalizations/HumanMaleA/Wavs/voice_male_grunt_pain_death_03.uasset" 330
"../../../../../My games/Zombie/Content/Audio/Death/Death_Cue.uasset" 331
"../../../../../My games/Zombie/Content/Audio/Damage/Damage_06.uasset" 332
"../../../../../My games/Zombie/Content/Audio/Damage/Damage_05.uasset" 333
"../../../../../My games/Zombie/Content/Audio/Damage/Damage_04.uasset" 334
"../../../../../My games/Zombie/Content/Audio/Damage/Damage_03.uasset" 335
"../../../../../My games/Zombie/Content/Audio/Damage/Damage_02.uasset" 336
"../../../../../My games/Zombie/Content/Audio/Damage/Damage_01.uasset" 337
"../../../../../My games/Zombie/Content/Audio/Damage/Damage_Cue.uasset" 338
"../../../../../My games/Zombie/Content/AI/Other/Helper_AI.uasset" 339
"../../../../../My games/Zombie/Content/UI/Zombie_Labirint/PauseMenu_ZL.uasset" 340
"../../../../../My games/Zombie/Content/UI/pic/kisspng-bullet-ammunition-weapon-firearm-cartridge-firearms-ammunition-bullet-5a7031fc575751_4806388315173022683578.uasset" 341
"../../../../../My games/Zombie/Content/UI/Zombie_Labirint/HUD_ZL.uasset" 342
"../../../../../My games/Zombie/Content/UI/Zombie_Labirint/Death_ZL.uasset" 343
"../../../../../My games/Zombie/Content/ThirdPersonCPP/Blueprints/ThirdPersonCharacter.uasset" 344
"../../../../../My games/Zombie/Content/Blueprints/YouWinCol_BP.uasset" 345
"../../../../../My games/Zombie/Content/Blueprints/MapCamera_BP.uasset" 346
"../../../Engine/Content/EngineSky/SM_SkySphere.uasset" 347
"../../../Engine/Content/EngineSky/C_Sky_Zenith_Color.uasset" 348
"../../../Engine/Content/EngineSky/C_Sky_Horizon_Color.uasset" 349
"../../../Engine/Content/EngineSky/C_Sky_Cloud_Color.uasset" 350
"../../../Engine/Content/EngineSky/BP_Sky_Sphere.uasset" 351
"../../../../../My games/Zombie/Content/Character/Zombie/Mesh/zombie_PhysicsAsset.uasset" 352
"../../../../../My games/Zombie/Content/Character/Zombie/Mesh/Bedu_Pants_BaseColor_ncl1_4.uasset" 353
"../../../../../My games/Zombie/Content/Character/Zombie/Mesh/Waistlet.uasset" 354
"../../../../../My games/Zombie/Content/Character/Zombie/Mesh/Bedu_Pants_BaseColor_ncl1_3.uasset" 355
"../../../../../My games/Zombie/Content/Character/Zombie/Mesh/Waist.uasset" 356
"../../../../../My games/Zombie/Content/Character/Zombie/Mesh/Mummy_Torso_TX.uasset" 357
"../../../../../My games/Zombie/Content/Character/Zombie/Mesh/Torso.uasset" 358
"../../../../../My games/Zombie/Content/Character/Zombie/Mesh/Bedu_Pants_BaseColor_ncl1_2.uasset" 359
"../../../../../My games/Zombie/Content/Character/Zombie/Mesh/Top_Trim.uasset" 360
"../../../../../My games/Zombie/Content/Character/Zombie/Mesh/Mummy_Legs_TX_ncl1_1.uasset" 361
"../../../../../My games/Zombie/Content/Character/Zombie/Mesh/Toenails.uasset" 362
"../../../../../My games/Zombie/Content/Character/Zombie/Mesh/Mummy_Mouth_TX.uasset" 363
"../../../../../My games/Zombie/Content/Character/Zombie/Mesh/Teeth.uasset" 364
"../../../../../My games/Zombie/Content/Character/Zombie/Mesh/Bedu_Pants_BaseColor_ncl1_1.uasset" 365
"../../../../../My games/Zombie/Content/Character/Zombie/Mesh/Pants.uasset" 366
"../../../../../My games/Zombie/Content/Character/Zombie/Mesh/Mummy_Mouth_TX_ncl1_1.uasset" 367
"../../../../../My games/Zombie/Content/Character/Zombie/Mesh/Mouth.uasset" 368
"../../../../../My games/Zombie/Content/Character/Zombie/Mesh/Mummy_Face_TX_ncl1_1.uasset" 369
"../../../../../My games/Zombie/Content/Character/Zombie/Mesh/Lips.uasset" 370
"../../../../../My games/Zombie/Content/Character/Zombie/Mesh/Bedu_Pants_BaseColor_ncl1_5.uasset" 371
"../../../../../My games/Zombie/Content/Character/Zombie/Mesh/Legs_Trim.uasset" 372
"../../../../../My games/Zombie/Content/Character/Zombie/Mesh/Mummy_Legs_TX.uasset" 373
"../../../../../My games/Zombie/Content/Character/Zombie/Mesh/Legs.uasset" 374
"../../../../../My games/Zombie/Content/Character/Zombie/Mesh/Bedu_Pants_BaseColor.uasset" 375
"../../../../../My games/Zombie/Content/Character/Zombie/Mesh/Girding.uasset" 376
"../../../../../My games/Zombie/Content/Character/Zombie/Mesh/Mummy_Arms_TX_ncl1_1.uasset" 377
"../../../../../My games/Zombie/Content/Character/Zombie/Mesh/Fingernails.uasset" 378
"../../../../../My games/Zombie/Content/Character/Zombie/Mesh/Mummy_Face_TX.uasset" 379
"../../../../../My games/Zombie/Content/Character/Zombie/Mesh/Face.uasset" 380
"../../../../../My games/Zombie/Content/Character/Zombie/Mesh/Mummy_Face_TX_ncl1_3.uasset" 381
"../../../../../My games/Zombie/Content/Character/Zombie/Mesh/EyeSocket.uasset" 382
"../../../../../My games/Zombie/Content/Character/Zombie/Mesh/HP_HE13.uasset" 383
"../../../../../My games/Zombie/Content/Character/Zombie/Mesh/EyeMoisture.uasset" 384
"../../../../../My games/Zombie/Content/Character/Zombie/Mesh/Mummy_Face_TX_ncl1_2.uasset" 385
"../../../../../My games/Zombie/Content/Character/Zombie/Mesh/Ears.uasset" 386
"../../../../../My games/Zombie/Content/Character/Zombie/Mesh/HP_HE13_ncl1_1.uasset" 387
"../../../../../My games/Zombie/Content/Character/Zombie/Mesh/Cornea.uasset" 388
"../../../../../My games/Zombie/Content/Character/Zombie/Mesh/Mummy_Arms_TX.uasset" 389
"../../../../../My games/Zombie/Content/Character/Zombie/Mesh/Arms.uasset" 390
"../../../../../My games/Zombie/Content/Character/Zombie/Mesh/zombie_Skeleton.uasset" 391
"../../../../../My games/Zombie/Content/Character/Zombie/Mesh/zombie.uasset" 392
"../../../../../My games/Zombie/Content/Character/Zombie/Animations/Zombie_Punching.uasset" 393
"../../../../../My games/Zombie/Content/Character/Zombie/Animations/Zombie_Punching_Montage.uasset" 394
"../../../../../My games/Zombie/Content/Character/Zombie/Animations/Zombie_Punching_.uasset" 395
"../../../../../My games/Zombie/Content/Character/Zombie/Animations/Zombie_Punching__Montage.uasset" 396
"../../../../../My games/Zombie/Content/Character/Zombie/Animations/Zombie_Kicking.uasset" 397
"../../../../../My games/Zombie/Content/Character/Zombie/Animations/Zombie_Kicking_Montage.uasset" 398
"../../../../../My games/Zombie/Content/Character/Zombie/Animations/Receive_Uppercut_To_The_Face.uasset" 399
"../../../../../My games/Zombie/Content/Character/Zombie/Animations/Receive_Uppercut_To_The_Face_Montage.uasset" 400
"../../../../../My games/Zombie/Content/Character/Zombie/Animations/Light_Hit_To_Head.uasset" 401
"../../../../../My games/Zombie/Content/Character/Zombie/Animations/Light_Hit_To_Head_Montage.uasset" 402
"../../../../../My games/Zombie/Content/Character/Zombie/Animations/Head_Hit.uasset" 403
"../../../../../My games/Zombie/Content/Character/Zombie/Animations/Head_Hit_Montage.uasset" 404
"../../../../../My games/Zombie/Content/Character/Zombie/Animations/Big_Hit_To_Head.uasset" 405
"../../../../../My games/Zombie/Content/Character/Zombie/Animations/Big_Hit_To_Head_Montage.uasset" 406
"../../../../../My games/Zombie/Content/Character/Zombie/Animations/Zombie_Running.uasset" 407
"../../../../../My games/Zombie/Content/Character/Zombie/Animations/zombie_Anim.uasset" 408
"../../../../../My games/Zombie/Content/Character/Zombie/Animations/Zombie_BS.uasset" 409
"../../../../../My games/Zombie/Content/Character/Zombie/Animations/Zombie_AB.uasset" 410
"../../../../../My games/Zombie/Content/Default_Content/Mannequin/Character/Mesh/SK_Mannequin_PhysicsAsset.uasset" 411
"../../../../../My games/Zombie/Content/Default_Content/Mannequin/Character/Textures/T_UE4Logo_N.uasset" 412
"../../../../../My games/Zombie/Content/Default_Content/Mannequin/Character/Textures/T_UE4Logo_Mask.uasset" 413
"../../../../../My games/Zombie/Content/Default_Content/Mannequin/Character/Textures/T_Male_N.uasset" 414
"../../../../../My games/Zombie/Content/Default_Content/Mannequin/Character/Textures/T_Male_Mask.uasset" 415
"../../../../../My games/Zombie/Content/Default_Content/Mannequin/Character/Materials/MaterialLayers/T_ML_Rubber_Blue_01_N.uasset" 416
"../../../../../My games/Zombie/Content/Default_Content/Mannequin/Character/Materials/MaterialLayers/T_ML_Rubber_Blue_01_D.uasset" 417
"../../../../../My games/Zombie/Content/Default_Content/Mannequin/Character/Materials/MaterialLayers/T_ML_Aluminum01_N.uasset" 418
"../../../../../My games/Zombie/Content/Default_Content/Mannequin/Character/Materials/MaterialLayers/T_ML_Aluminum01.uasset" 419
"../../../../../My games/Zombie/Content/Default_Content/Mannequin/Character/Materials/MaterialLayers/ML_SoftMetal_UE4.uasset" 420
"../../../../../My games/Zombie/Content/Default_Content/Mannequin/Character/Materials/MaterialLayers/ML_Plastic_Shiny_Beige_LOGO.uasset" 421
"../../../../../My games/Zombie/Content/Default_Content/Mannequin/Character/Materials/MaterialLayers/ML_Plastic_Shiny_Beige.uasset" 422
"../../../../../My games/Zombie/Content/Default_Content/Mannequin/Character/Materials/MaterialLayers/ML_GlossyBlack_Latex_UE4.uasset" 423
"../../../Engine/Content/Functions/MaterialLayerFunctions/MatLayerBlend_Simple.uasset" 424
"../../../Engine/Content/Functions/MaterialLayerFunctions/MatLayerBlend_NormalBlend.uasset" 425
"../../../../../My games/Zombie/Content/Default_Content/Mannequin/Character/Materials/M_Male_Body.uasset" 426
"../../../../../My games/Zombie/Content/Default_Content/Mannequin/Character/Materials/M_UE4Man_ChestLogo.uasset" 427
"../../../../../My games/Zombie/Content/Default_Content/Mannequin/Character/Mesh/UE4_Mannequin_Skeleton.uasset" 428
"../../../../../My games/Zombie/Content/Default_Content/Mannequin/Character/Mesh/SK_Mannequin.uasset" 429
"../../../../../My games/Zombie/Content/AI/Zombie_BB.uasset" 430
"../../../../../My games/Zombie/Content/AI/Zombie_BT.uasset" 431
"../../../../../My games/Zombie/Content/AI/ZombieAIController.uasset" 432
"../../../../../My games/Zombie/Content/Default_Content/Mannequin/Animations/ThirdPersonWalk.uasset" 433
"../../../../../My games/Zombie/Content/Default_Content/Mannequin/Animations/ThirdPersonRun.uasset" 434
"../../../../../My games/Zombie/Content/Default_Content/Mannequin/Animations/ThirdPersonIdle.uasset" 435
"../../../../../My games/Zombie/Content/Default_Content/Mannequin/Animations/ThirdPerson_IdleRun_2D.uasset" 436
"../../../../../My games/Zombie/Content/Default_Content/Mannequin/Animations/ThirdPerson_Jump.uasset" 437
"../../../../../My games/Zombie/Content/Default_Content/Mannequin/Animations/ThirdPersonJump_Start.uasset" 438
"../../../../../My games/Zombie/Content/Default_Content/Mannequin/Animations/ThirdPersonJump_Loop.uasset" 439
"../../../../../My games/Zombie/Content/Default_Content/Mannequin/Animations/ThirdPerson_AnimBP.uasset" 440
"../../../../../My games/Zombie/Content/AI/ZombieAI.uasset" 441
"../../../../../My games/Zombie/Content/Character/Zombie/ZombieAI_Child.uasset" 442
"../../../../../My games/Zombie/Content/Maps/Labirint_01.umap" 443
"../../../../../My games/Zombie/Content/UI/Zombie_Labirint/MainMenu_ZL.uasset" 444
"../../../../../My games/Zombie/Content/Audio/BG_Sound/Sound_GS.uasset" 445
"../../../../../My games/Zombie/Content/Maps/ZL_MainMenu.umap" 446
"../../../Engine/Content/Maps/Entry_BuiltData.uasset" 447
"../../../Engine/Content/Maps/Entry.umap" 448
